  turingmachine.cpp
c:\users\alex patrick houston\desktop\229turingmachine\229turingmachine\turingmachine.cpp(9): error C2653: 'turingmachine': is not a class or namespace name
c:\users\alex patrick houston\desktop\229turingmachine\229turingmachine\turingmachine.cpp(10): error C4430: missing type specifier - int assumed. Note: C++ does not support default-int
c:\users\alex patrick houston\desktop\229turingmachine\229turingmachine\turingmachine.cpp(11): error C2065: 'StartingState': undeclared identifier
c:\users\alex patrick houston\desktop\229turingmachine\229turingmachine\turingmachine.cpp(12): error C2065: 'FinalState': undeclared identifier
c:\users\alex patrick houston\desktop\229turingmachine\229turingmachine\turingmachine.cpp(13): warning C4508: 'turingmachine': function should return a value; 'void' return type assumed
c:\users\alex patrick houston\desktop\229turingmachine\229turingmachine\turingmachine.cpp(14): error C2653: 'turingmachine': is not a class or namespace name
c:\users\alex patrick houston\desktop\229turingmachine\229turingmachine\turingmachine.cpp(15): error C4430: missing type specifier - int assumed. Note: C++ does not support default-int
c:\users\alex patrick houston\desktop\229turingmachine\229turingmachine\turingmachine.cpp(16): warning C4508: 'turingmachine': function should return a value; 'void' return type assumed
c:\users\alex patrick houston\desktop\229turingmachine\229turingmachine\turingmachine.cpp(17): error C2653: 'turingmachine': is not a class or namespace name
c:\users\alex patrick houston\desktop\229turingmachine\229turingmachine\turingmachine.cpp(20): error C2653: 'turingmachine': is not a class or namespace name
c:\users\alex patrick houston\desktop\229turingmachine\229turingmachine\turingmachine.cpp(23): error C2065: 'initialState': undeclared identifier
c:\users\alex patrick houston\desktop\229turingmachine\229turingmachine\turingmachine.cpp(26): error C2065: 'FinalState': undeclared identifier
c:\users\alex patrick houston\desktop\229turingmachine\229turingmachine\turingmachine.cpp(28): error C3861: 'MakeKey': identifier not found
c:\users\alex patrick houston\desktop\229turingmachine\229turingmachine\turingmachine.cpp(29): error C2065: 'transitions': undeclared identifier
c:\users\alex patrick houston\desktop\229turingmachine\229turingmachine\turingmachine.cpp(29): error C2228: left of '.find' must have class/struct/union
  c:\users\alex patrick houston\desktop\229turingmachine\229turingmachine\turingmachine.cpp(29): note: type is 'unknown-type'
c:\users\alex patrick houston\desktop\229turingmachine\229turingmachine\turingmachine.cpp(29): error C2228: left of '.end' must have class/struct/union
  c:\users\alex patrick houston\desktop\229turingmachine\229turingmachine\turingmachine.cpp(29): note: type is 'unknown-type'
c:\users\alex patrick houston\desktop\229turingmachine\229turingmachine\turingmachine.cpp(31): error C2065: 'transitions': undeclared identifier
c:\users\alex patrick houston\desktop\229turingmachine\229turingmachine\turingmachine.cpp(38): error C3867: 'std::basic_string<char,std::char_traits<char>,std::allocator<char>>::length': non-standard syntax; use '&' to create a pointer to member
c:\users\alex patrick houston\desktop\229turingmachine\229turingmachine\turingmachine.cpp(38): error C2296: '-': illegal, left operand has type 'unsigned int (__thiscall std::basic_string<char,std::char_traits<char>,std::allocator<char>>::* )(void) noexcept const'
c:\users\alex patrick houston\desktop\229turingmachine\229turingmachine\turingmachine.cpp(46): error C2653: 'turingmachine': is not a class or namespace name
c:\users\alex patrick houston\desktop\229turingmachine\229turingmachine\turingmachine.cpp(53): error C2653: 'turingmachine': is not a class or namespace name
c:\users\alex patrick houston\desktop\229turingmachine\229turingmachine\turingmachine.cpp(61): error C2653: 'turingmachine': is not a class or namespace name
c:\users\alex patrick houston\desktop\229turingmachine\229turingmachine\turingmachine.cpp(65): error C2065: 'transitions': undeclared identifier
  229turingmachine.cpp
c:\users\alex patrick houston\desktop\229turingmachine\229turingmachine\229turingmachine.cpp(33): error C3867: 'std::list<std::string,std::allocator<_Ty>>::front': non-standard syntax; use '&' to create a pointer to member
          with
          [
              _Ty=std::string
          ]
c:\users\alex patrick houston\desktop\229turingmachine\229turingmachine\229turingmachine.cpp(33): error C2109: subscript requires array or pointer type
c:\users\alex patrick houston\desktop\229turingmachine\229turingmachine\229turingmachine.cpp(33): error C2512: 'turingmachine::turingmachine': no appropriate default constructor available
c:\users\alex patrick houston\desktop\229turingmachine\229turingmachine\229turingmachine.cpp(38): error C3861: 'SplitString': identifier not found
c:\users\alex patrick houston\desktop\229turingmachine\229turingmachine\229turingmachine.cpp(39): error C2660: 'turingmachine::AddTransition': function does not take 4 arguments
  Generating Code...
